[0m20:42:41.107035 [debug] [MainThread]: Sending event: {'category': 'dbt', 'action': 'invocation', 'label': 'start', 'context': [<snowplow_tracker.self_describing_json.SelfDescribingJson object at 0x00000214A898E460>, <snowplow_tracker.self_describing_json.SelfDescribingJson object at 0x00000214AC94DEB0>, <snowplow_tracker.self_describing_json.SelfDescribingJson object at 0x00000214AC9043D0>]}


============================== 20:42:41.111057 | d154ed9e-d19f-4259-b53c-6b1bbba332e9 ==============================
[0m20:42:41.111057 [info ] [MainThread]: Running with dbt=1.6.5
[0m20:42:41.112056 [debug] [MainThread]: running dbt with arguments {'printer_width': '80', 'indirect_selection': 'eager', 'log_cache_events': 'False', 'write_json': 'True', 'partial_parse': 'True', 'cache_selected_only': 'False', 'warn_error': 'None', 'fail_fast': 'False', 'profiles_dir': 'C:\\Users\\victo\\.dbt', 'log_path': 'logs', 'version_check': 'True', 'debug': 'False', 'use_colors': 'True', 'use_experimental_parser': 'False', 'no_print': 'None', 'quiet': 'False', 'warn_error_options': 'WarnErrorOptions(include=[], exclude=[])', 'invocation_command': 'dbt init dbt-project', 'static_parser': 'True', 'introspect': 'True', 'target_path': 'None', 'log_format': 'default', 'send_anonymous_usage_stats': 'True'}
[0m20:42:41.113036 [warn ] [MainThread]: [ConfigFolderDirectory]: Unable to parse dict {'dir': WindowsPath('C:/Users/victo/.dbt')}
[0m20:42:41.114037 [info ] [MainThread]: Creating dbt configuration folder at 
[0m20:43:34.946313 [debug] [MainThread]: Starter project path: C:\Users\victo\Documents\GitHub\ada_santander\Modulo 5 - Analytics Engineering\Projeto\dbt-env\lib\site-packages\dbt\include\starter_project
[0m20:43:34.995857 [info ] [MainThread]: 
Your new dbt project "dbt_project_analytics" was created!

For more information on how to configure the profiles.yml file,
please consult the dbt documentation here:

  https://docs.getdbt.com/docs/configure-your-profile

One more thing:

Need help? Don't hesitate to reach out to us via GitHub issues or on Slack:

  https://community.getdbt.com/

Happy modeling!

[0m20:43:34.996858 [info ] [MainThread]: Setting up your profile.
[0m20:43:40.218768 [info ] [MainThread]: Profile dbt_project_analytics written to C:\Users\victo\.dbt\profiles.yml using target's sample configuration. Once updated, you'll be able to start developing with dbt.
[0m20:43:40.219764 [debug] [MainThread]: Command `dbt init` succeeded at 20:43:40.219764 after 59.13 seconds
[0m20:43:40.220737 [debug] [MainThread]: Sending event: {'category': 'dbt', 'action': 'invocation', 'label': 'end', 'context': [<snowplow_tracker.self_describing_json.SelfDescribingJson object at 0x00000214A898E460>, <snowplow_tracker.self_describing_json.SelfDescribingJson object at 0x00000214AC94DEB0>, <snowplow_tracker.self_describing_json.SelfDescribingJson object at 0x00000214AA9542B0>]}
[0m20:43:40.220737 [debug] [MainThread]: Flushing usage events
